termn[17D[Jnxos9000-0# termn[J[16D[Jnxos9000-0# term[Jinal len 150
nxos9000-0# sho run

!Command: show running-config
!Running configuration last done at: Fri May 29 20:50:15 2026
!Time: Fri May 29 21:00:31 2026

version 10.5(1) Bios:version  
hostname nxos9000-0
vdc nxos9000-0 id 1
  limit-resource vlan minimum 16 maximum 4094
  limit-resource vrf minimum 2 maximum 4096
  limit-resource port-channel minimum 0 maximum 511
  limit-resource m4route-mem minimum 58 maximum 58
  limit-resource m6route-mem minimum 8 maximum 8

nv overlay evpn
feature bgp
feature fabric forwarding
feature interface-vlan
feature vn-segment-vlan-based
feature nv overlay

no password strength-check
username admin password 5 $5$GONNMJ$yXJ0WSqc..xpbbhz7SdSKz/rH5uGg5kSMjmvmLTwUz5 
 role network-admin
username cisco password 5 $5$OLLIDD$dnRxkw9p0.9KgWl/MfkLd/PgwEvbZcWGgPgA3gUOdb1 
 role network-admin
username cisco passphrase  lifetime 99999 warntime 14 gracetime 3
ip domain-lookup
copp profile strict
hardware access-list tcam region racl 512
hardware access-list tcam region arp-ether 256 double-wide
snmp-server user admin network-admin auth md5 533442C0514F46A30D3A84C9BC55E565F5
92 priv aes-128 480F24A79687DD2F94A1405D25C55BB62404 localizedV2key
snmp-server user cisco network-admin auth md5 323929E48FDC857489F56D6C72DF3FB273
53 priv aes-128 21454E91ECAFC5668081596F3FC525A07312 localizedV2key
rmon event 1 log trap public description FATAL(1) owner PMON@FATAL
rmon event 2 log trap public description CRITICAL(2) owner PMON@CRITICAL
rmon event 3 log trap public description ERROR(3) owner PMON@ERROR
rmon event 4 log trap public description WARNING(4) owner PMON@WARNING
rmon event 5 log trap public description INFORMATION(5) owner PMON@INFO

fabric forwarding anycast-gateway-mac 0001.0001.0001
ip route 172.16.0.1/32 39.0.0.1
ip route 172.17.0.2/32 39.0.0.1
vlan 1,10,20,50
vlan 10
  vn-segment 1010
vlan 20
  vn-segment 10020
vlan 50
  vn-segment 50000

route-map RM-REDIST-DIRECT permit 10
vrf context PROD
  vni 50000
  rd 172.16.0.2:50000
  address-family ipv4 unicast
    route-target import 65000:50000
    route-target export 65000:50000
vrf context management


interface Vlan1

interface Vlan10
  no shutdown
  vrf member PROD
  ip address 192.168.10.1/24
  fabric forwarding mode anycast-gateway

interface Vlan20
  no shutdown
  vrf member PROD
  ip address 192.168.20.1/24
  fabric forwarding mode anycast-gateway

interface Vlan50
  no shutdown
  vrf member PROD
  ip forward

interface nve1
  no shutdown
  host-reachability protocol bgp
  source-interface loopback0
  member vni 1010
    ingress-replication protocol bgp
  member vni 10020
    ingress-replication protocol bgp
  member vni 50000 associate-vrf

interface Ethernet1/1
  description e1/1 <--> isrv0 gi0/1
  no switchport
  ip address 39.0.0.2/30
  no shutdown

interface Ethernet1/2
  description e1/2 <--> isrv1 gi0/2
  no switchport
  ip address 60.0.0.2/30

interface Ethernet1/3

interface Ethernet1/4

interface Ethernet1/5

interface Ethernet1/6

interface Ethernet1/7

interface Ethernet1/8

interface Ethernet1/9

interface Ethernet1/10
  switchport access vlan 10

interface Ethernet1/11
  switchport access vlan 10

interface Ethernet1/12

interface Ethernet1/13

interface Ethernet1/14

interface Ethernet1/15

interface Ethernet1/16

interface Ethernet1/17

interface Ethernet1/18

interface Ethernet1/19

interface Ethernet1/20

interface Ethernet1/21

interface Ethernet1/22

interface Ethernet1/23

interface Ethernet1/24

interface Ethernet1/25
[7m--More--[m[K
interface Ethernet1/26

interface Ethernet1/27

interface Ethernet1/28

interface Ethernet1/29

interface Ethernet1/30

interface Ethernet1/31

interface Ethernet1/32

interface Ethernet1/33

interface Ethernet1/34

interface Ethernet1/35

interface Ethernet1/36

interface Ethernet1/37

interface Ethernet1/38

interface Ethernet1/39

interface Ethernet1/40

interface Ethernet1/41

interface Ethernet1/42

interface Ethernet1/43

interface Ethernet1/44

interface Ethernet1/45

interface Ethernet1/46

interface Ethernet1/47

interface Ethernet1/48

interface Ethernet1/49

interface Ethernet1/50

interface Ethernet1/51

interface Ethernet1/52

interface Ethernet1/53

interface Ethernet1/54

interface Ethernet1/55

interface Ethernet1/56

interface Ethernet1/57

interface Ethernet1/58

interface Ethernet1/59

interface Ethernet1/60

interface Ethernet1/61

interface Ethernet1/62

interface Ethernet1/63

interface Ethernet1/64

interface mgmt0
  vrf member management

interface loopback0
  ip address 172.16.0.2/32

interface loopback1
  ip address 10.0.11.1/32
icam monitor scale
icam monitor system

line console
  exec-timeout 0
line vty
  exec-timeout 0
boot nxos bootflash:/nxos64-cs.10.5.1.F.bin 
router bgp 65000
  router-id 172.16.0.2
  bestpath as-path multipath-relax
  address-family ipv4 unicast
  address-family l2vpn evpn
    retain route-target all
  neighbor 172.16.0.1
    remote-as 65000
    log-neighbor-changes
    update-source loopback0
    address-family l2vpn evpn
      send-community
      send-community extended
  vrf PROD
    address-family ipv4 unicast
      redistribute direct route-map RM-REDIST-DIRECT

no logging console


nxos9000-0# 